* ******************************************************************************

* iCEcube Placer

* Version:            2020.12.27943

* Build Date:         Dec 10 2020 17:35:50

* File Generated:     Jul 30 2021 02:40:07

* Purpose:            

* Copyright (C) 2006-2010 by Lattice Semiconductor Corp. All rights reserved.

* ******************************************************************************

Executing : /home/dave/lscc/iCEcube2.2020.12/sbt_backend/bin/linux/opt/sbtplacer --des-lib /home/dave/Shared/verilog/go-board-vg-hw/ch12.02-ball-absolute-mv/lattice/ball_absolute_mv_Implmnt/sbt/netlist/oadb-ball_absolute_mv_vga_top --outdir /home/dave/Shared/verilog/go-board-vg-hw/ch12.02-ball-absolute-mv/lattice/ball_absolute_mv_Implmnt/sbt/outputs/placer --device-file /home/dave/lscc/iCEcube2.2020.12/sbt_backend/devices/ICE40P01.dev --package VQ100 --deviceMarketName iCE40HX1K --sdc-file /home/dave/Shared/verilog/go-board-vg-hw/ch12.02-ball-absolute-mv/lattice/ball_absolute_mv_Implmnt/sbt/Temp/sbt_temp.sdc --lib-file /home/dave/lscc/iCEcube2.2020.12/sbt_backend/devices/ice40HX1K.lib --effort_level std --out-sdc-file /home/dave/Shared/verilog/go-board-vg-hw/ch12.02-ball-absolute-mv/lattice/ball_absolute_mv_Implmnt/sbt/outputs/placer/ball_absolute_mv_vga_top_pl.sdc
I2004: Option and Settings Summary
=============================================================
Device file          - /home/dave/lscc/iCEcube2.2020.12/sbt_backend/devices/ICE40P01.dev
Package              - VQ100
Design database      - /home/dave/Shared/verilog/go-board-vg-hw/ch12.02-ball-absolute-mv/lattice/ball_absolute_mv_Implmnt/sbt/netlist/oadb-ball_absolute_mv_vga_top
SDC file             - /home/dave/Shared/verilog/go-board-vg-hw/ch12.02-ball-absolute-mv/lattice/ball_absolute_mv_Implmnt/sbt/Temp/sbt_temp.sdc
Output directory     - /home/dave/Shared/verilog/go-board-vg-hw/ch12.02-ball-absolute-mv/lattice/ball_absolute_mv_Implmnt/sbt/outputs/placer
Timing library       - /home/dave/lscc/iCEcube2.2020.12/sbt_backend/devices/ice40HX1K.lib
Effort level         - std

I2050: Starting reading inputs for placer
=============================================================
I2100: Reading design library: /home/dave/Shared/verilog/go-board-vg-hw/ch12.02-ball-absolute-mv/lattice/ball_absolute_mv_Implmnt/sbt/netlist/oadb-ball_absolute_mv_vga_top/BFPGA_DESIGN_ep
I2065: Reading device file : /home/dave/lscc/iCEcube2.2020.12/sbt_backend/devices/ICE40P01.dev
I2051: Reading of inputs for placer completed successfully

I2053: Starting placement of the design
=============================================================

Input Design Statistics
    Number of LUTs      	:	209
    Number of DFFs      	:	81
    Number of DFFs packed to IO	:	0
    Number of Carrys    	:	52
    Number of RAMs      	:	0
    Number of ROMs      	:	0
    Number of IOs       	:	14
    Number of GBIOs     	:	1
    Number of GBs       	:	1
    Number of WarmBoot  	:	0
    Number of PLLs      	:	0


Phase 1
I2077: Start design legalization

Design Legalization Statistics
    Number of feedthru LUTs inserted to legalize input of DFFs     	:	8
    Number of feedthru LUTs inserted for LUTs driving multiple DFFs	:	0
    Number of LUTs replicated for LUTs driving multiple DFFs       	:	2
    Number of feedthru LUTs inserted to legalize output of CARRYs  	:	0
    Number of feedthru LUTs inserted to legalize global signals    	:	0
    Number of feedthru CARRYs inserted to legalize input of CARRYs 	:	0
    Number of inserted LUTs to Legalize IOs with PIN_TYPE= 01xxxx  	:	0
    Number of inserted LUTs to Legalize IOs with PIN_TYPE= 10xxxx  	:	0
    Number of inserted LUTs to Legalize IOs with PIN_TYPE= 11xxxx  	:	0
    Total LUTs inserted                                            	:	10
    Total CARRYs inserted                                          	:	0


I2078: Design legalization is completed successfully
I2088: Phase 1, elapsed time : 0.0 (sec)


Phase 2
I2088: Phase 2, elapsed time : 0.0 (sec)

Phase 3

Design Statistics after Packing
    Number of LUTs      	:	219
    Number of DFFs      	:	81
    Number of DFFs packed to IO	:	0
    Number of Carrys    	:	52

Device Utilization Summary after Packing
    Sequential LogicCells
        LUT and DFF      	:	49
        LUT, DFF and CARRY	:	32
    Combinational LogicCells
        Only LUT         	:	122
        CARRY Only       	:	4
        LUT with CARRY   	:	16
    LogicCells                  :	223/1280
    PLBs                        :	36/160
    BRAMs                       :	0/16
    IOs and GBIOs               :	15/72
    PLLs                        :	0/0


I2088: Phase 3, elapsed time : 0.3 (sec)

Phase 4
I2088: Phase 4, elapsed time : 0.1 (sec)

Phase 5
I2088: Phase 5, elapsed time : 0.3 (sec)

Phase 6
I2088: Phase 6, elapsed time : 37.0 (sec)

Final Design Statistics
    Number of LUTs      	:	219
    Number of DFFs      	:	81
    Number of DFFs packed to IO	:	0
    Number of Carrys    	:	52
    Number of RAMs      	:	0
    Number of ROMs      	:	0
    Number of IOs       	:	14
    Number of GBIOs     	:	1
    Number of GBs       	:	1
    Number of WarmBoot  	:	0
    Number of PLLs      	:	0

Device Utilization Summary
    LogicCells                  :	223/1280
    PLBs                        :	42/160
    BRAMs                       :	0/16
    IOs and GBIOs               :	15/72
    PLLs                        :	0/0



#####################################################################
Placement Timing Summary

The timing summary is based on estimated routing delays after
placement. For final timing report, please carry out the timing
analysis after routing.
=====================================================================

#####################################################################
                     Clock Summary 
=====================================================================
Number of clocks: 1
Clock: ball_absolute_mv_vga_top|i_clk | Frequency: 158.56 MHz | Target: 123.76 MHz

=====================================================================
                     End of Clock Summary
#####################################################################

I2054: Placement of design completed successfully

I2076: Placer run-time: 37.8 sec.

