Running in Lattice mode


Starting:    /home/dave/lscc/iCEcube2.2020.12/synpbase/linux_a_64/mbin/synbatch
Install:     /home/dave/lscc/iCEcube2.2020.12/synpbase
Hostname:    ubuntu
Date:        Fri Jul 30 02:40:00 2021
Version:     L-2016.09L+ice40

Arguments:   -product synplify_pro -batch ball_absolute_mv_syn.prj
ProductType: synplify_pro





auto_infer_blackbox is not supported in current product.

log file: "/home/dave/Shared/verilog/go-board-vg-hw/ch12.02-ball-absolute-mv/lattice/ball_absolute_mv_Implmnt/ball_absolute_mv.srr"

Running: ball_absolute_mv_Implmnt in foreground



Running ball_absolute_mv_syn|ball_absolute_mv_Implmnt


Running: compile (Compile) on ball_absolute_mv_syn|ball_absolute_mv_Implmnt
# Fri Jul 30 02:40:00 2021


Running: compile_flow (Compile Process) on ball_absolute_mv_syn|ball_absolute_mv_Implmnt
# Fri Jul 30 02:40:00 2021


Running: compiler (Compile Input) on ball_absolute_mv_syn|ball_absolute_mv_Implmnt
# Fri Jul 30 02:40:00 2021

Copied /home/dave/Shared/verilog/go-board-vg-hw/ch12.02-ball-absolute-mv/lattice/ball_absolute_mv_Implmnt/synwork/ball_absolute_mv_comp.srs to /home/dave/Shared/verilog/go-board-vg-hw/ch12.02-ball-absolute-mv/lattice/ball_absolute_mv_Implmnt/ball_absolute_mv.srs


compiler completed
# Fri Jul 30 02:40:02 2021

Return Code: 0
Run Time:00h:00m:02s


Running: multi_srs_gen (Multi-srs Generator) on ball_absolute_mv_syn|ball_absolute_mv_Implmnt
# Fri Jul 30 02:40:02 2021


multi_srs_gen completed
# Fri Jul 30 02:40:02 2021

Return Code: 0
Run Time:00h:00m:00s

Copied /home/dave/Shared/verilog/go-board-vg-hw/ch12.02-ball-absolute-mv/lattice/ball_absolute_mv_Implmnt/synwork/ball_absolute_mv_mult.srs to /home/dave/Shared/verilog/go-board-vg-hw/ch12.02-ball-absolute-mv/lattice/ball_absolute_mv_Implmnt/ball_absolute_mv.srs

Complete: Compile Process on ball_absolute_mv_syn|ball_absolute_mv_Implmnt


Running: premap (Pre-mapping) on ball_absolute_mv_syn|ball_absolute_mv_Implmnt
# Fri Jul 30 02:40:02 2021


premap completed with warnings
# Fri Jul 30 02:40:03 2021

Return Code: 1
Run Time:00h:00m:01s

Complete: Compile on ball_absolute_mv_syn|ball_absolute_mv_Implmnt


Running: map (Map) on ball_absolute_mv_syn|ball_absolute_mv_Implmnt
# Fri Jul 30 02:40:03 2021

License granted for 4 parallel jobs


Running: fpga_mapper (Map & Optimize) on ball_absolute_mv_syn|ball_absolute_mv_Implmnt
# Fri Jul 30 02:40:03 2021

Copied /home/dave/Shared/verilog/go-board-vg-hw/ch12.02-ball-absolute-mv/lattice/ball_absolute_mv_Implmnt/synwork/ball_absolute_mv_m.srm to /home/dave/Shared/verilog/go-board-vg-hw/ch12.02-ball-absolute-mv/lattice/ball_absolute_mv_Implmnt/ball_absolute_mv.srm


fpga_mapper completed with warnings
# Fri Jul 30 02:40:04 2021

Return Code: 1
Run Time:00h:00m:01s

Complete: Map on ball_absolute_mv_syn|ball_absolute_mv_Implmnt

Complete: Logic Synthesis on ball_absolute_mv_syn|ball_absolute_mv_Implmnt

exit status=0

exit status=0

